  Lab1.cpp
C:\Users\SuperStudent\Desktop\Lab1\String.h(11,15): warning C4244: '=': conversion from 'const double' to 'char', possible loss of data
C:\Users\SuperStudent\Desktop\Lab1\String.h(23,14): error C2676: binary '[': 'const nw::String' does not define this operator or a conversion to a type acceptable to the predefined operator
  Point.cpp
  String.cpp
C:\Users\SuperStudent\Desktop\Lab1\String.h(11,15): warning C4244: '=': conversion from 'const double' to 'char', possible loss of data
C:\Users\SuperStudent\Desktop\Lab1\String.h(21,14): error C2039: 'ostream': is not a member of 'std'
C:\Users\SuperStudent\Desktop\Lab1\predefined C++ types (compiler internal)(340): message : see declaration of 'std'
C:\Users\SuperStudent\Desktop\Lab1\String.h(21,21): error C2143: syntax error: missing ';' before '&'
C:\Users\SuperStudent\Desktop\Lab1\String.h(21,21): error C7525: inline variables require at least '/std:c++17'
C:\Users\SuperStudent\Desktop\Lab1\String.h(21,21): error C4430: missing type specifier - int assumed. Note: C++ does not support default-int
C:\Users\SuperStudent\Desktop\Lab1\String.h(21,41): error C2039: 'ostream': is not a member of 'std'
C:\Users\SuperStudent\Desktop\Lab1\predefined C++ types (compiler internal)(340): message : see declaration of 'std'
C:\Users\SuperStudent\Desktop\Lab1\String.h(21,48): error C2473: 'operator <<': looks like a function definition, but there is no parameter list.
C:\Users\SuperStudent\Desktop\Lab1\String.h(21,48): error C4430: missing type specifier - int assumed. Note: C++ does not support default-int
C:\Users\SuperStudent\Desktop\Lab1\String.h(21,50): error C2065: 'out': undeclared identifier
C:\Users\SuperStudent\Desktop\Lab1\String.h(21,55): error C2059: syntax error: 'const'
C:\Users\SuperStudent\Desktop\Lab1\String.h(21,72): error C2143: syntax error: missing ';' before '{'
C:\Users\SuperStudent\Desktop\Lab1\String.h(21,72): error C2447: '{': missing function header (old-style formal list?)
  Generating Code...
